[    0.000000] Linux version 4.15.0-91-generic (buildd@lgw01-amd64-013) (gcc version 7.4.0 (Ubuntu 7.4.0-1ubuntu1~18.04.1)) #92-Ubuntu SMP Fri Feb 28 11:09:48 UTC 2020 (Ubuntu 4.15.0-91.92-generic 4.15.18)
[    0.000000] Command line: BOOT_IMAGE=/boot/vmlinuz-4.15.0-91-generic root=LABEL=cloudimg-rootfs ro console=tty1 console=ttyS0
[    0.000000] KERNEL supported cpus:
[    0.000000]   Intel GenuineIntel
[    0.000000]   AMD AuthenticAMD
[    0.000000]   Centaur CentaurHauls
[    0.000000] x86/fpu: x87 FPU will use FXSAVE
[    0.000000] e820: BIOS-provided physical RAM map:
[    0.000000] BIOS-e820: [mem 0x0000000000000000-0x000000000009fbff] usable
[    0.000000] BIOS-e820: [mem 0x000000000009fc00-0x000000000009ffff] reserved
[    0.000000] BIOS-e820: [mem 0x00000000000f0000-0x00000000000fffff] reserved
[    0.000000] BIOS-e820: [mem 0x0000000000100000-0x000000003ffeffff] usable
[    0.000000] BIOS-e820: [mem 0x000000003fff0000-0x000000003fffffff] ACPI data
[    0.000000] BIOS-e820: [mem 0x00000000fec00000-0x00000000fec00fff] reserved
[    0.000000] BIOS-e820: [mem 0x00000000fee00000-0x00000000fee00fff] reserved
[    0.000000] BIOS-e820: [mem 0x00000000fffc0000-0x00000000ffffffff] reserved
[    0.000000] NX (Execute Disable) protection: active
[    0.000000] SMBIOS 2.5 present.
[    0.000000] DMI: innotek GmbH VirtualBox/VirtualBox, BIOS VirtualBox 12/01/2006
[    0.000000] Hypervisor detected: KVM
[    0.000000] e820: last_pfn = 0x3fff0 max_arch_pfn = 0x400000000
[    0.000000] MTRR: Disabled
[    0.000000] x86/PAT: MTRRs disabled, skipping PAT initialization too.
[    0.000000] CPU MTRRs all blank - virtualized system.
[    0.000000] x86/PAT: Configuration [0-7]: WB  WT  UC- UC  WB  WT  UC- UC  
[    0.000000] found SMP MP-table at [mem 0x0009fff0-0x0009ffff]
[    0.000000] Scanning 1 areas for low memory corruption
[    0.000000] RAMDISK: [mem 0x35a6d000-0x36d2dfff]
[    0.000000] ACPI: Early table checksum verification disabled
[    0.000000] ACPI: RSDP 0x00000000000E0000 000024 (v02 VBOX  )
[    0.000000] ACPI: XSDT 0x000000003FFF0030 00003C (v01 VBOX   VBOXXSDT 00000001 ASL  00000061)
[    0.000000] ACPI: FACP 0x000000003FFF00F0 0000F4 (v04 VBOX   VBOXFACP 00000001 ASL  00000061)
[    0.000000] ACPI: DSDT 0x000000003FFF0470 002325 (v02 VBOX   VBOXBIOS 00000002 INTL 20100528)
[    0.000000] ACPI: FACS 0x000000003FFF0200 000040
[    0.000000] ACPI: FACS 0x000000003FFF0200 000040
[    0.000000] ACPI: APIC 0x000000003FFF0240 00005C (v02 VBOX   VBOXAPIC 00000001 ASL  00000061)
[    0.000000] ACPI: SSDT 0x000000003FFF02A0 0001CC (v01 VBOX   VBOXCPUT 00000002 INTL 20100528)
[    0.000000] No NUMA configuration found
[    0.000000] Faking a node at [mem 0x0000000000000000-0x000000003ffeffff]
[    0.000000] NODE_DATA(0) allocated [mem 0x3ffc5000-0x3ffeffff]
[    0.000000] kvm-clock: cpu 0, msr 0:3ff44001, primary cpu clock
[    0.000000] kvm-clock: Using msrs 4b564d01 and 4b564d00
[    0.000000] kvm-clock: using sched offset of 13224490931 cycles
[    0.000000] clocksource: kvm-clock: mask: 0xffffffffffffffff max_cycles: 0x1cd42e4dffb, max_idle_ns: 881590591483 ns
[    0.000000] Zone ranges:
[    0.000000]   DMA      [mem 0x0000000000001000-0x0000000000ffffff]
[    0.000000]   DMA32    [mem 0x0000000001000000-0x000000003ffeffff]
[    0.000000]   Normal   empty
[    0.000000]   Device   empty
[    0.000000] Movable zone start for each node
[    0.000000] Early memory node ranges
[    0.000000]   node   0: [mem 0x0000000000001000-0x000000000009efff]
[    0.000000]   node   0: [mem 0x0000000000100000-0x000000003ffeffff]
[    0.000000] Reserved but unavailable: 98 pages
[    0.000000] Initmem setup node 0 [mem 0x0000000000001000-0x000000003ffeffff]
[    0.000000] ACPI: PM-Timer IO Port: 0x4008
[    0.000000] IOAPIC[0]: apic_id 2, version 32, address 0xfec00000, GSI 0-23
[    0.000000] ACPI: INT_SRC_OVR (bus 0 bus_irq 0 global_irq 2 dfl dfl)
[    0.000000] ACPI: INT_SRC_OVR (bus 0 bus_irq 9 global_irq 9 low level)
[    0.000000] Using ACPI (MADT) for SMP configuration information
[    0.000000] smpboot: Allowing 2 CPUs, 0 hotplug CPUs
[    0.000000] PM: Registered nosave memory: [mem 0x00000000-0x00000fff]
[    0.000000] PM: Registered nosave memory: [mem 0x0009f000-0x0009ffff]
[    0.000000] PM: Registered nosave memory: [mem 0x000a0000-0x000effff]
[    0.000000] PM: Registered nosave memory: [mem 0x000f0000-0x000fffff]
[    0.000000] e820: [mem 0x40000000-0xfebfffff] available for PCI devices
[    0.000000] Booting paravirtualized kernel on KVM
[    0.000000] clocksource: refined-jiffies: mask: 0xffffffff max_cycles: 0xffffffff, max_idle_ns: 7645519600211568 ns
[    0.000000] random: get_random_bytes called from start_kernel+0x99/0x4fd with crng_init=0
[    0.000000] setup_percpu: NR_CPUS:8192 nr_cpumask_bits:2 nr_cpu_ids:2 nr_node_ids:1
[    0.000000] percpu: Embedded 45 pages/cpu s147456 r8192 d28672 u1048576
[    0.000000] PV qspinlock hash table entries: 256 (order: 0, 4096 bytes)
[    0.000000] Built 1 zonelists, mobility grouping on.  Total pages: 257913
[    0.000000] Policy zone: DMA32
[    0.000000] Kernel command line: BOOT_IMAGE=/boot/vmlinuz-4.15.0-91-generic root=LABEL=cloudimg-rootfs ro console=tty1 console=ttyS0
[    0.000000] Memory: 983064K/1048120K available (12300K kernel code, 2481K rwdata, 4264K rodata, 2432K init, 2712K bss, 65056K reserved, 0K cma-reserved)
[    0.000000] SLUB: HWalign=64, Order=0-3, MinObjects=0, CPUs=2, Nodes=1
[    0.000000] Kernel/User page tables isolation: enabled
[    0.000000] ftrace: allocating 39347 entries in 154 pages
[    0.004000] Hierarchical RCU implementation.
[    0.004000] 	RCU restricting CPUs from NR_CPUS=8192 to nr_cpu_ids=2.
[    0.004000] 	Tasks RCU enabled.
[    0.004000] RCU: Adjusting geometry for rcu_fanout_leaf=16, nr_cpu_ids=2
[    0.004000] NR_IRQS: 524544, nr_irqs: 440, preallocated irqs: 16
[    0.004000] Console: colour VGA+ 80x25
[    0.004000] console [tty1] enabled
[    0.004000] console [ttyS0] enabled
[    0.004000] ACPI: Core revision 20170831
[    0.004000] ACPI: 2 ACPI AML tables successfully acquired and loaded
[    0.004000] APIC: Switch to symmetric I/O mode setup
[    0.004000] x2apic enabled
[    0.004017] Switched APIC routing to physical x2apic.
[    0.008000] ..TIMER: vector=0x30 apic1=0 pin1=2 apic2=-1 pin2=-1
[    0.008007] tsc: Detected 2166.666 MHz processor
[    0.012026] Calibrating delay loop (skipped) preset value.. 4333.33 BogoMIPS (lpj=8666664)
[    0.016007] pid_max: default: 32768 minimum: 301
[    0.018300] Security Framework initialized
[    0.020007] Yama: becoming mindful.
[    0.021798] AppArmor: AppArmor initialized
[    0.025859] Dentry cache hash table entries: 131072 (order: 8, 1048576 bytes)
[    0.028229] Inode-cache hash table entries: 65536 (order: 7, 524288 bytes)
[    0.032054] Mount-cache hash table entries: 2048 (order: 2, 16384 bytes)
[    0.036022] Mountpoint-cache hash table entries: 2048 (order: 2, 16384 bytes)
[    0.040674] Last level iTLB entries: 4KB 48, 2MB 0, 4MB 0
[    0.043243] Last level dTLB entries: 4KB 128, 2MB 16, 4MB 16, 1GB 0
[    0.044009] Spectre V1 : Mitigation: usercopy/swapgs barriers and __user pointer sanitization
[    0.048007] Spectre V2 : Mitigation: Full generic retpoline
[    0.052005] Spectre V2 : Spectre v2 / SpectreRSB mitigation: Filling RSB on context switch
[    0.056109] MDS: Vulnerable: Clear CPU buffers attempted, no microcode
[    0.060308] Freeing SMP alternatives memory: 36K
[    0.174137] smpboot: CPU0: Intel(R) Pentium(R) CPU  N3520  @ 2.16GHz (family: 0x6, model: 0x37, stepping: 0x3)
[    0.176287] Performance Events: unsupported p6 CPU model 55 no PMU driver, software events only.
[    0.180136] Hierarchical SRCU implementation.
[    0.185193] NMI watchdog: Perf event create on CPU 0 failed with -2
[    0.188011] NMI watchdog: Perf NMI watchdog permanently disabled
[    0.192186] smp: Bringing up secondary CPUs ...
[    0.196305] x86: Booting SMP configuration:
[    0.198380] .... node  #0, CPUs:      #1
[    0.004000] kvm-clock: cpu 1, msr 0:3ff44041, secondary cpu clock
[    0.204093] smp: Brought up 1 node, 2 CPUs
[    0.208037] smpboot: Max logical packages: 1
[    0.210423] smpboot: Total of 2 processors activated (8666.66 BogoMIPS)
[    0.212469] devtmpfs: initialized
[    0.216146] x86/mm: Memory block size: 128MB
[    0.218758] evm: security.selinux
[    0.220016] evm: security.SMACK64
[    0.221824] evm: security.SMACK64EXEC
[    0.224018] evm: security.SMACK64TRANSMUTE
[    0.226073] evm: security.SMACK64MMAP
[    0.228005] evm: security.apparmor
[    0.229702] evm: security.ima
[    0.232005] evm: security.capability
[    0.233952] clocksource: jiffies: mask: 0xffffffff max_cycles: 0xffffffff, max_idle_ns: 7645041785100000 ns
[    0.236048] futex hash table entries: 512 (order: 3, 32768 bytes)
[    0.244084] pinctrl core: initialized pinctrl subsystem
[    0.247016] RTC time: 13:50:16, date: 03/24/20
[    0.248851] NET: Registered protocol family 16
[    0.252220] audit: initializing netlink subsys (disabled)
[    0.256120] audit: type=2000 audit(1585057830.396:1): state=initialized audit_enabled=0 res=1
[    0.260019] cpuidle: using governor ladder
[    0.262077] cpuidle: using governor menu
[    0.264112] ACPI: bus type PCI registered
[    0.266098] acpiphp: ACPI Hot Plug PCI Controller Driver version: 0.5
[    0.268297] PCI: Using configuration type 1 for base access
[    0.276099] HugeTLB registered 2.00 MiB page size, pre-allocated 0 pages
[    0.280225] ACPI: Added _OSI(Module Device)
[    0.280225] ACPI: Added _OSI(Processor Device)
[    0.284050] ACPI: Added _OSI(3.0 _SCP Extensions)
[    0.284050] ACPI: Added _OSI(Processor Aggregator Device)
[    0.288019] ACPI: Added _OSI(Linux-Dell-Video)
[    0.290237] ACPI: Added _OSI(Linux-Lenovo-NV-HDMI-Audio)
[    0.292024] ACPI: Added _OSI(Linux-HPI-Hybrid-Graphics)
[    0.296830] ACPI: Executed 1 blocks of module-level executable AML code
[    0.310652] ACPI: Interpreter enabled
[    0.312038] ACPI: (supports S0 S5)
[    0.313797] ACPI: Using IOAPIC for interrupt routing
[    0.316944] PCI: Using host bridge windows from ACPI; if necessary, use "pci=nocrs" and report a bug
[    0.324479] ACPI: Enabled 2 GPEs in block 00 to 07
[    0.348144] ACPI: PCI Root Bridge [PCI0] (domain 0000 [bus 00-ff])
[    0.351652] acpi PNP0A03:00: _OSC: OS supports [ASPM ClockPM Segments MSI]
[    0.357075] acpi PNP0A03:00: _OSC: not requesting OS control; OS requires [ExtendedConfig ASPM ClockPM MSI]
[    0.360046] acpi PNP0A03:00: fail to add MMCONFIG information, can't access extended PCI configuration space under this bridge.
[    0.369025] PCI host bridge to bus 0000:00
[    0.371086] pci_bus 0000:00: root bus resource [io  0x0000-0x0cf7 window]
[    0.372011] pci_bus 0000:00: root bus resource [io  0x0d00-0xffff window]
[    0.376013] pci_bus 0000:00: root bus resource [mem 0x000a0000-0x000bffff window]
[    0.384020] pci_bus 0000:00: root bus resource [mem 0x40000000-0xfdffffff window]
[    0.388022] pci_bus 0000:00: root bus resource [bus 00-ff]
[    0.398549] pci 0000:00:01.1: legacy IDE quirk: reg 0x10: [io  0x01f0-0x01f7]
[    0.400014] pci 0000:00:01.1: legacy IDE quirk: reg 0x14: [io  0x03f6]
[    0.404008] pci 0000:00:01.1: legacy IDE quirk: reg 0x18: [io  0x0170-0x0177]
[    0.407341] pci 0000:00:01.1: legacy IDE quirk: reg 0x1c: [io  0x0376]
[    0.469304] pci 0000:00:07.0: quirk: [io  0x4000-0x403f] claimed by PIIX4 ACPI
[    0.472040] pci 0000:00:07.0: quirk: [io  0x4100-0x410f] claimed by PIIX4 SMB
[    0.500000] ACPI: PCI Interrupt Link [LNKA] (IRQs 5 9 10 *11)
[    0.504563] ACPI: PCI Interrupt Link [LNKB] (IRQs 5 9 *10 11)
[    0.507718] ACPI: PCI Interrupt Link [LNKC] (IRQs 5 *9 10 11)
[    0.512440] ACPI: PCI Interrupt Link [LNKD] (IRQs 5 9 10 *11)
[    0.513264] SCSI subsystem initialized
[    0.516264] pci 0000:00:02.0: vgaarb: setting as boot VGA device
[    0.519457] pci 0000:00:02.0: vgaarb: VGA device added: decodes=io+mem,owns=io+mem,locks=none
[    0.524021] pci 0000:00:02.0: vgaarb: bridge control possible
[    0.526889] vgaarb: loaded
[    0.528100] ACPI: bus type USB registered
[    0.530271] usbcore: registered new interface driver usbfs
[    0.536028] usbcore: registered new interface driver hub
[    0.536062] usbcore: registered new device driver usb
[    0.540120] EDAC MC: Ver: 3.0.0
[    0.544209] PCI: Using ACPI for IRQ routing
[    0.544759] NetLabel: Initializing
[    0.546565] NetLabel:  domain hash size = 128
[    0.548005] NetLabel:  protocols = UNLABELED CIPSOv4 CALIPSO
[    0.552051] NetLabel:  unlabeled traffic allowed by default
[    0.556211] clocksource: Switched to clocksource kvm-clock
[    0.590437] VFS: Disk quotas dquot_6.6.0
[    0.593007] VFS: Dquot-cache hash table entries: 512 (order 0, 4096 bytes)
[    0.596484] AppArmor: AppArmor Filesystem Enabled
[    0.598964] pnp: PnP ACPI init
[    0.603819] pnp: PnP ACPI: found 3 devices
[    0.614779] clocksource: acpi_pm: mask: 0xffffff max_cycles: 0xffffff, max_idle_ns: 2085701024 ns
[    0.619685] NET: Registered protocol family 2
[    0.622284] TCP established hash table entries: 8192 (order: 4, 65536 bytes)
[    0.625707] TCP bind hash table entries: 8192 (order: 5, 131072 bytes)
[    0.630720] TCP: Hash tables configured (established 8192 bind 8192)
[    0.633946] UDP hash table entries: 512 (order: 2, 16384 bytes)
[    0.637013] UDP-Lite hash table entries: 512 (order: 2, 16384 bytes)
[    0.640191] NET: Registered protocol family 1
[    0.642508] pci 0000:00:00.0: Limiting direct PCI/PCI transfers
[    0.645458] pci 0000:00:01.0: Activating ISA DMA hang workarounds
[    0.648520] pci 0000:00:02.0: Video device with shadowed ROM at [mem 0x000c0000-0x000dffff]
[    0.652772] Unpacking initramfs...
[    1.323892] Freeing initrd memory: 19204K
[    1.326857] clocksource: tsc: mask: 0xffffffffffffffff max_cycles: 0x1f3b3172f25, max_idle_ns: 440795274731 ns
[    1.331764] platform rtc_cmos: registered platform RTC device (no PNP device found)
[    1.335561] Scanning for low memory corruption every 60 seconds
[    1.340149] Initialise system trusted keyrings
[    1.342587] Key type blacklist registered
[    1.344963] workingset: timestamp_bits=36 max_order=18 bucket_order=0
[    1.350529] zbud: loaded
[    1.353074] squashfs: version 4.0 (2009/01/31) Phillip Lougher
[    1.356434] fuse init (API version 7.26)
[    1.367647] Key type asymmetric registered
[    1.369742] Asymmetric key parser 'x509' registered
[    1.372372] Block layer SCSI generic (bsg) driver version 0.4 loaded (major 246)
[    1.376302] io scheduler noop registered
[    1.378448] io scheduler deadline registered
[    1.380770] io scheduler cfq registered (default)
[    1.383861] ACPI: AC Adapter [AC] (on-line)
[    1.386210] input: Power Button as /devices/LNXSYSTM:00/LNXPWRBN:00/input/input0
[    1.389969] ACPI: Power Button [PWRF]
[    1.391971] input: Sleep Button as /devices/LNXSYSTM:00/LNXSLPBN:00/input/input1
[    1.395748] ACPI: Sleep Button [SLPF]
[    1.400495] Serial: 8250/16550 driver, 32 ports, IRQ sharing enabled
[    1.401057] ACPI: Battery Slot [BAT0] (battery present)
[    1.427840] 00:02: ttyS0 at I/O 0x3f8 (irq = 4, base_baud = 115200) is a 16550A
[    1.436333] Linux agpgart interface v0.103
[    1.441704] loop: module loaded
[    1.445188] scsi host0: ata_piix
[    1.447472] scsi host1: ata_piix
[    1.449694] ata1: PATA max UDMA/33 cmd 0x1f0 ctl 0x3f6 bmdma 0xd000 irq 14
[    1.453001] ata2: PATA max UDMA/33 cmd 0x170 ctl 0x376 bmdma 0xd008 irq 15
[    1.456448] libphy: Fixed MDIO Bus: probed
[    1.459068] tun: Universal TUN/TAP device driver, 1.6
[    1.462634] PPP generic driver version 2.4.2
[    1.465042] ehci_hcd: USB 2.0 'Enhanced' Host Controller (EHCI) Driver
[    1.468149] ehci-pci: EHCI PCI platform driver
[    1.471038] ehci-platform: EHCI generic platform driver
[    1.473614] ohci_hcd: USB 1.1 'Open' Host Controller (OHCI) Driver
[    1.477551] ohci-pci: OHCI PCI platform driver
[    1.480555] ohci-platform: OHCI generic platform driver
[    1.483093] uhci_hcd: USB Universal Host Controller Interface driver
[    1.486337] i8042: PNP: PS/2 Controller [PNP0303:PS2K,PNP0f03:PS2M] at 0x60,0x64 irq 1,12
[    1.491885] serio: i8042 KBD port at 0x60,0x64 irq 1
[    1.494426] serio: i8042 AUX port at 0x60,0x64 irq 12
[    1.497239] mousedev: PS/2 mouse device common for all mice
[    1.500874] input: AT Translated Set 2 keyboard as /devices/platform/i8042/serio0/input/input2
[    1.506010] rtc_cmos rtc_cmos: rtc core: registered rtc_cmos as rtc0
[    1.509543] rtc_cmos rtc_cmos: alarms up to one day, 114 bytes nvram
[    1.512932] i2c /dev entries driver
[    1.515303] device-mapper: uevent: version 1.0.3
[    1.517801] device-mapper: ioctl: 4.37.0-ioctl (2017-09-20) initialised: dm-devel@redhat.com
[    1.522125] ledtrig-cpu: registered to indicate activity on CPUs
[    1.526375] NET: Registered protocol family 10
[    1.540649] Segment Routing with IPv6
[    1.542549] NET: Registered protocol family 17
[    1.545138] Key type dns_resolver registered
[    1.547635] mce: Using 0 MCE banks
[    1.549703] RAS: Correctable Errors collector initialized.
[    1.552446] sched_clock: Marking stable (1552387869, 0)->(2126983030, -574595161)
[    1.557002] registered taskstats version 1
[    1.559226] Loading compiled-in X.509 certificates
[    1.569325] Loaded X.509 cert 'Build time autogenerated kernel key: d019e8c5f4cbc828f6af43369f65a014a3a68371'
[    1.574954] zswap: loaded using pool lzo/zbud
[    1.588820] Key type big_key registered
[    1.591311] Key type trusted registered
[    1.598918] Key type encrypted registered
[    1.601061] AppArmor: AppArmor sha1 policy hashing enabled
[    1.603730] ima: No TPM chip found, activating TPM-bypass! (rc=-19)
[    1.606802] ima: Allocated hash algorithm: sha1
[    1.609801] evm: HMAC attrs: 0x1
[    1.612058]   Magic number: 12:949:837
[    1.614423] rtc_cmos rtc_cmos: setting system clock to 2020-03-24 13:50:17 UTC (1585057817)
[    1.618947] BIOS EDD facility v0.16 2004-Jun-25, 0 devices found
[    1.621981] EDD information not available.
[    1.655795] Freeing unused kernel image memory: 2432K
[    1.668815] Write protecting the kernel read-only data: 20480k
[    1.673782] Freeing unused kernel image memory: 2008K
[    1.677731] Freeing unused kernel image memory: 1880K
[    1.699033] x86/mm: Checked W+X mappings: passed, no W+X pages found.
[    1.702392] x86/mm: Checking user space page tables
[    1.722861] x86/mm: Checked W+X mappings: passed, no W+X pages found.
Loading, please wait...
starting version 237
[    2.022403] Fusion MPT base driver 3.04.20
[    2.024930] Copyright (c) 1999-2008 LSI Corporation
[    2.033437] e1000: Intel(R) PRO/1000 Network Driver - version 7.3.21-k8-NAPI
[    2.037476] e1000: Copyright (c) 1999-2006 Intel Corporation.
[    2.090505] Fusion MPT SPI Host driver 3.04.20
[    2.257126] input: ImExPS/2 Generic Explorer Mouse as /devices/platform/i8042/serio1/input/input4
[    2.747353] e1000 0000:00:03.0 eth0: (PCI:33MHz:32-bit) 02:9c:31:18:9c:f3
[    2.751048] e1000 0000:00:03.0 eth0: Intel(R) PRO/1000 Network Connection
[    2.758107] mptbase: ioc0: Initiating bringup
[    2.759189] e1000 0000:00:03.0 enp0s3: renamed from eth0
[    3.695135] ioc0: LSI53C1030 A0: Capabilities={Initiator}
[    7.417575] scsi host2: ioc0: LSI53C1030 A0, FwRev=00000000h, Ports=1, MaxQ=256, IRQ=20
[    9.207624] scsi 2:0:0:0: Direct-Access     VBOX     HARDDISK         1.0  PQ: 0 ANSI: 5
[   10.041491] scsi target2:0:0: Beginning Domain Validation
[   10.053982] scsi target2:0:0: Domain Validation skipping write tests
[   10.061545] scsi target2:0:0: Ending Domain Validation
[   10.068343] scsi target2:0:0: asynchronous
[   10.075572] scsi 2:0:1:0: Direct-Access     VBOX     HARDDISK         1.0  PQ: 0 ANSI: 5
[   11.349523] scsi target2:0:1: Beginning Domain Validation
[   11.364737] random: fast init done
[   11.378545] scsi target2:0:1: Domain Validation skipping write tests
[   11.422913] scsi target2:0:1: Ending Domain Validation
[   11.443024] scsi target2:0:1: asynchronous
[   11.494860] random: systemd-udevd: uninitialized urandom read (16 bytes read)
[   11.523453] sd 2:0:0:0: [sda] 20971520 512-byte logical blocks: (10.7 GB/10.0 GiB)
[   11.557487] random: systemd-udevd: uninitialized urandom read (16 bytes read)
[   11.557531] random: systemd-udevd: uninitialized urandom read (16 bytes read)
[   11.592528] sd 2:0:0:0: Attached scsi generic sg0 type 0
[   11.627524] sd 2:0:0:0: [sda] Write Protect is off
[   11.638295] sd 2:0:0:0: [sda] Incomplete mode parameter data
[   11.638306] sd 2:0:0:0: [sda] Assuming drive cache: write through
[   11.713809]  sda: sda1
[   11.748514] sd 2:0:1:0: Attached scsi generic sg1 type 0
[   11.776615] sd 2:0:1:0: [sdb] 20480 512-byte logical blocks: (10.5 MB/10.0 MiB)
[   11.863464] sd 2:0:1:0: [sdb] Write Protect is off
[   11.868792] sd 2:0:1:0: [sdb] Incomplete mode parameter data
[   11.874121] sd 2:0:1:0: [sdb] Assuming drive cache: write through
[   11.883840] sd 2:0:0:0: [sda] Attached SCSI disk
[   11.965892] sd 2:0:1:0: [sdb] Attached SCSI disk
Begin: Loading essential drivers ... [   15.356106] raid6: sse2x1   gen()   673 MB/s
[   15.404504] raid6: sse2x1   xor()  2132 MB/s
[   15.452436] raid6: sse2x2   gen()   582 MB/s
[   15.500125] raid6: sse2x2   xor()  2634 MB/s
[   15.548073] raid6: sse2x4   gen()  1423 MB/s
[   15.596867] raid6: sse2x4   xor()  1259 MB/s
[   15.599537] raid6: using algorithm sse2x4 gen() 1423 MB/s
[   15.602286] raid6: .... xor() 1259 MB/s, rmw enabled
[   15.605256] raid6: using ssse3x2 recovery algorithm
[   15.610936] xor: measuring software checksum speed
[   15.653230]    prefetch64-sse:  8634.000 MB/sec
[   15.697123]    generic_sse:  7696.000 MB/sec
[   15.699599] xor: using function: prefetch64-sse (8634.000 MB/sec)
[   15.705807] async_tx: api initialized (async)
done.
Begin: Running /scripts/init-premount ... done.
Begin: Mounting root file system ... Begin: Running /scripts/local-top ... done.
Begin: Running /scripts/local-premount ... [   15.839131] Btrfs loaded, crc32c=crc32c-intel
Scanning for Btrfs filesystems
done.
Warning: fsck not present, so skipping root file system
[   16.130782] EXT4-fs (sda1): mounted filesystem with ordered data mode. Opts: (null)
done.
Begin: Running /scripts/local-bottom ... done.
Begin: Running /scripts/init-bottom ... done.
[   17.844471] random: crng init done
[   17.853380] random: 7 urandom warning(s) missed due to ratelimiting
[   19.094469] ip_tables: (C) 2000-2006 Netfilter Core Team
[   19.461625] systemd[1]: systemd 237 running in system mode. (+PAM +AUDIT +SELINUX +IMA +APPARMOR +SMACK +SYSVINIT +UTMP +LIBCRYPTSETUP +GCRYPT +GNUTLS +ACL +XZ +LZ4 +SECCOMP +BLKID +ELFUTILS +KMOD -IDN2 +IDN -PCRE2 default-hierarchy=hybrid)
[   19.512729] systemd[1]: Detected virtualization oracle.
[   19.526353] systemd[1]: Detected architecture x86-64.

Welcome to [1mUbuntu 18.04.4 LTS[0m!

[   19.649121] systemd[1]: Set hostname to <ubuntu>.
[   19.745350] systemd[1]: Initializing machine ID from random generator.
[   19.755543] systemd[1]: Installed transient /etc/machine-id file.
[   24.123985] systemd[1]: Created slice User and Session Slice.
[[0;32m  OK  [0m] Created slice User and Session Slice.
[   24.138247] systemd[1]: Reached target User and Group Name Lookups.
[[0;32m  OK  [0m] Reached target User and Group Name Lookups.
[   24.149805] systemd[1]: Created slice System Slice.
[[0;32m  OK  [0m] Created slice System Slice.
[   24.159415] systemd[1]: Listening on Syslog Socket.
[[0;32m  OK  [0m] Listening on Syslog Socket.
[[0;32m  OK  [0m] Reached target Slices.
[[0;32m  OK  [0m] Listening on udev Kernel Socket.
[[0;32m  OK  [0m] Set up automount Arbitrary Executab…rmats File System Automount Point.
[[0;32m  OK  [0m] Listening on /dev/initctl Compatibility Named Pipe.
[[0;32m  OK  [0m] Listening on Journal Socket (/dev/log).
[[0;32m  OK  [0m] Listening on Journal Socket.
         Starting Load Kernel Modules...
         Mounting Kernel Debug File System...
         Starting Set the console keyboard layout...
         Mounting POSIX Message Queue File System...
         Starting Remount Root and Kernel File Systems...
         Starting Uncomplicated firewall...
[[0;32m  OK  [0m] Listening on LVM2 metadata daemon socket.
[[0;32m  OK  [0m] Reached target Swap.
[[0;32m  OK  [0m] Started Forward Password Requests to Wall Directory Watch.
[[0;32m  OK  [0m] Listening on Journal Audit Socket.
         Starting Journal Service...
[   24.471166] systemd[1]: Mounting Huge Pages File System...
         Mounting Huge Pages File System...
[   24.484103] systemd[1]: Listening on Device-mapper event daemon FIFOs.
[[0;32m  OK  [0m] Listening on Device-mapper event daemon FIFOs.
[   24.507194] systemd[1]: Starting Monitoring of LVM2 mirrors, snapshots etc. using dmeventd or progress polling...
         Starting Monitoring of LVM2 mirrors…ng dmeventd or progress polling...
[   24.561047] Loading iSCSI transport class v2.0-870.
[   24.838283] systemd[1]: Listening on udev Control Socket.
[[0;32m  OK  [0m] Listening on udev Control Socket.
[   24.862162] systemd[1]: Starting udev Coldplug all Devices...
         Starting udev Coldplug all Devices...
[   24.888007] systemd[1]: Reached target System Time Synchronized.
[[0;32m  OK  [0m] Reached target System Time Synch[   24.918666] EXT4-fs (sda1): re-mounted. Opts: (null)
ronized.
[   24.947964] systemd[1]: Starting Create list of required static device nodes for the current kernel...
         Starting Create list of required st…ce nodes for the current kernel...
[   25.005005] systemd[1]: Listening on Network Service Netlink Socket.
[[0;32m  OK  [0m] Listening on Network Service Netlink Socket.
[   25.035029] systemd[1]: Listening on LVM2 poll daemon socket.
[[0;32m  OK  [0m] Listening on LVM2 poll daemon socket.
[   25.075935] systemd[1]: Created slice system-serial\x2dgetty.slice.
[[0;32m  OK  [0m] Created slice system-serial\x2dgetty.slice.
[[0;32m  OK  [0m] Mounted Kernel Debug File System.
[[0;32m  OK  [0m] Mounted POSIX Message Queue File System.
[[0;32m  OK  [0m] Started Remount Root and Kernel File Systems.
[[0;32m  OK  [0m] Started Uncomplicated firewall.
[[0;32m  OK  [0m] Mounted Huge Pages File System.
[   25.554458] iscsi: registered transport (tcp)
[[0;32m  OK  [0m] Started Create list of required sta…vice nodes for the current kernel.
         Starting Create Static Device Nodes in /dev...
         Starting Load/Save Random Seed...
[[0;32m  OK  [0m] Started Journal Service.
         Starting Flush Journal to Persistent Storage...
[[0;32m  OK  [0m] Started udev Coldplug all Devices.
[[0;32m  OK  [0m] Started Load/Save Random Seed.
[   26.391055] systemd-journald[366]: Received request to flush runtime journal from PID 1
[[0;32m  OK  [0m] Started LVM2 metadata daemon.
[[0;32m  OK  [0m] Started Create Static Device Nodes in /dev.
         Starting udev Kernel Device Manager...
[   27.247965] iscsi: registered transport (iser)
[[0;32m  OK  [0m] Started Load Kernel Modules.
[[0;32m  OK  [0m] Started Flush Journal to Persistent Storage.
         Starting Apply Kernel Variables...
         Mounting Kernel Configuration File System...
         Mounting FUSE Control File System...
[[0;32m  OK  [0m] Started Monitoring of LVM2 mirrors,…sing dmeventd or progress polling.
[[0;32m  OK  [0m] Mounted Kernel Configuration File System.
[[0;32m  OK  [0m] Mounted FUSE Control File System.
[[0;32m  OK  [0m] Started udev Kernel Device Manager.
[[0;32m  OK  [0m] Started Apply Kernel Variables.
[[0;32m  OK  [0m] Found device /dev/ttyS0.
[[0;32m  OK  [0m] Listening on Load/Save RF Kill Switch Status /dev/rfkill Watch.
[[0;32m  OK  [0m] Started Set the console keyboard layout.
[[0;32m  OK  [0m] Started Dispatch Password Requests to Console Directory Watch.
[[0;32m  OK  [0m] Reached target Local Encrypted Volumes.
[[0;32m  OK  [0m] Reached target Local File Systems (Pre).
[[0;32m  OK  [0m] Reached target Local File Systems.
         Starting ebtables ruleset management...
         Starting Set console font and keymap...
         Starting AppArmor initialization...
         Starting Tell Plymouth To Write Out Runtime Data...
         Starting Create Volatile Files and Directories...
         Starting Commit a transient machine-id on disk...
[[0;32m  OK  [0m] Started Tell Plymouth To Write Out Runtime Data.
[[0;32m  OK  [0m] Started Set console font and keymap.
[[0;32m  OK  [0m] Started Create Volatile Files and Directories.
         Starting Update UTMP about System Boot/Shutdown...
[[0;32m  OK  [0m] Started Commit a transient machine-id on disk.
[[0;32m  OK  [0m] Started Update UTMP about System Boot/Shutdown.
[[0;32m  OK  [0m] Started ebtables ruleset management.
[[0;32m  OK  [0m] Started AppArmor initialization.
         Starting Initial cloud-init job (pre-networking)...
[   51.482716] cloud-init[610]: Cloud-init v. 19.4-33-gbb4131a2-0ubuntu1~18.04.1 running 'init-local' at Tue, 24 Mar 2020 13:51:04 +0000. Up 48.36 seconds.
[[0;32m  OK  [0m] Started Initial cloud-init job (pre-networking).
[[0;32m  OK  [0m] Reached target Network (Pre).
         Starting Network Service...
[[0;32m  OK  [0m] Started Network Service.
         Starting Wait for Network to be Configured...
         Starting Network Name Resolution...
[[0;32m  OK  [0m] Started Network Name Resolution.
[[0;32m  OK  [0m] Reached target Network.
[[0;32m  OK  [0m] Reached target Host and Network Name Lookups.
[[0;32m  OK  [0m] Started Wait for Network to be Configured.
         Starting Initial cloud-init job (metadata service crawler)...
[   56.316833] cloud-init[716]: Cloud-init v. 19.4-33-gbb4131a2-0ubuntu1~18.04.1 running 'init' at Tue, 24 Mar 2020 13:51:11 +0000. Up 55.51 seconds.
[   56.322462] cloud-init[716]: ci-info: ++++++++++++++++++++++++++++++++++++++Net device info++++++++++++++++++++++++++++++++++++++
[   56.327074] cloud-init[716]: ci-info: +--------+------+----------------------------+---------------+--------+-------------------+
[   56.331513] cloud-init[716]: ci-info: | Device |  Up  |          Address           |      Mask     | Scope  |     Hw-Address    |
[   56.336007] cloud-init[716]: ci-info: +--------+------+----------------------------+---------------+--------+-------------------+
[   56.340684] cloud-init[716]: ci-info: | enp0s3 | True |         10.0.2.15          | 255.255.255.0 | global | 02:9c:31:18:9c:f3 |
[   56.344859] cloud-init[716]: ci-info: | enp0s3 | True | fe80::9c:31ff:fe18:9cf3/64 |       .       |  link  | 02:9c:31:18:9c:f3 |
[   56.351155] cloud-init[716]: ci-info: |   lo   | True |         127.0.0.1          |   255.0.0.0   |  host  |         .         |
[   56.359454] cloud-init[716]: ci-info: |   lo   | True |          ::1/128           |       .       |  host  |         .         |
[   56.370793] cloud-init[716]: ci-info: +--------+------+----------------------------+---------------+--------+-------------------+
[   56.379379] cloud-init[716]: ci-info: ++++++++++++++++++++++++++++Route IPv4 info+++++++++++++++++++++++++++++
[   56.383479] cloud-init[716]: ci-info: +-------+-------------+----------+-----------------+-----------+-------+
[   56.387326] cloud-init[716]: ci-info: | Route | Destination | Gateway  |     Genmask     | Interface | Flags |
[   56.391390] cloud-init[716]: ci-info: +-------+-------------+----------+-----------------+-----------+-------+
[   56.394754] cloud-init[716]: ci-info: |   0   |   0.0.0.0   | 10.0.2.2 |     0.0.0.0     |   enp0s3  |   UG  |
[   56.398562] cloud-init[716]: ci-info: |   1   |   10.0.2.0  | 0.0.0.0  |  255.255.255.0  |   enp0s3  |   U   |
[   56.405652] cloud-init[716]: ci-info: |   2   |   10.0.2.2  | 0.0.0.0  | 255.255.255.255 |   enp0s3  |   UH  |
[   56.437046] cloud-init[716]: ci-info: +-------+-------------+----------+-----------------+-----------+-------+
[   56.441464] cloud-init[716]: ci-info: +++++++++++++++++++Route IPv6 info+++++++++++++++++++
[   56.444639] cloud-init[716]: ci-info: +-------+-------------+---------+-----------+-------+
[   56.447930] cloud-init[716]: ci-info: | Route | Destination | Gateway | Interface | Flags |
[   56.451295] cloud-init[716]: ci-info: +-------+-------------+---------+-----------+-------+
[   56.454571] cloud-init[716]: ci-info: |   1   |  fe80::/64  |    ::   |   enp0s3  |   U   |
[   56.458110] cloud-init[716]: ci-info: |   3   |    local    |    ::   |   enp0s3  |   U   |
[   56.463627] cloud-init[716]: ci-info: |   4   |   ff00::/8  |    ::   |   enp0s3  |   U   |
[   56.467413] cloud-init[716]: ci-info: +-------+-------------+---------+-----------+-------+
[   62.965266] cloud-init[716]: Generating public/private rsa key pair.
[   62.976997] cloud-init[716]: Your identification has been saved in /etc/ssh/ssh_host_rsa_key.
[   62.980143] cloud-init[716]: Your public key has been saved in /etc/ssh/ssh_host_rsa_key.pub.
[   62.984147] cloud-init[716]: The key fingerprint is:
[   62.986797] cloud-init[716]: SHA256:Va6yyqkT9dKvp6oszCGLFu/+w/+ha/KNWndj5eDseJo root@ubuntu-bionic
[   62.990785] cloud-init[716]: The key's randomart image is:
[   62.993324] cloud-init[716]: +---[RSA 2048]----+
[   62.995358] cloud-init[716]: |            .    |
[   62.997314] cloud-init[716]: |           o     |
[   62.999446] cloud-init[716]: |          . .    |
[   63.001950] cloud-init[716]: |      .  . .     |
[   63.004099] cloud-init[716]: |     . oS .. .   |
[   63.006124] cloud-init[716]: |... . . ooo +    |
[   63.007956] cloud-init[716]: |.=o... o.+ * .   |
[   63.009894] cloud-init[716]: |o.+o.=.+= X..    |
[   63.012167] cloud-init[716]: |. o+=*%B=Eo.     |
[   63.014673] cloud-init[716]: +----[SHA256]-----+
[   63.016961] cloud-init[716]: Generating public/private dsa key pair.
[   63.019697] cloud-init[716]: Your identification has been saved in /etc/ssh/ssh_host_dsa_key.
[   63.023156] cloud-init[716]: Your public key has been saved in /etc/ssh/ssh_host_dsa_key.pub.
[   63.027651] cloud-init[716]: The key fingerprint is:
[   63.029781] cloud-init[716]: SHA256:OloKZL+kwGwFNVCzTSFpJ8CZbPCPeB8uzPDTzdg4w10 root@ubuntu-bionic
[   63.033690] cloud-init[716]: The key's randomart image is:
[   63.035949] cloud-init[716]: +---[DSA 1024]----+
[   63.038434] cloud-init[716]: |=o**.o.          |
[   63.040475] cloud-init[716]: | B.+B.           |
[   63.042518] cloud-init[716]: |..o.o.           |
[   63.044703] cloud-init[716]: | ..o             |
[   63.047049] cloud-init[716]: |o =.o   E        |
[   63.049327] cloud-init[716]: |oO.* O o         |
[   63.051635] cloud-init[716]: |.+B % O          |
[   63.054037] cloud-init[716]: |.. * B .         |
[   63.056370] cloud-init[716]: |  . +            |
[   63.059171] cloud-init[716]: +----[SHA256]-----+
[   63.061300] cloud-init[716]: Generating public/private ecdsa key pair.
[   63.064544] cloud-init[716]: Your identification has been saved in /etc/ssh/ssh_host_ecdsa_key.
[   63.077197] cloud-init[716]: Your public key has been saved in /etc/ssh/ssh_host_ecdsa_key.pub.
[   63.081111] cloud-init[716]: The key fingerprint is:
[   63.085195] cloud-init[716]: SHA256:LH+FMuRRnXT1I+dNuhl/Zlnz2ydHMnayec3aNELdeUE root@ubuntu-bionic
[   63.090345] cloud-init[716]: The key's randomart image is:
[   63.094361] cloud-init[716]: +---[ECDSA 256]---+
[   63.097690] cloud-init[716]: |          .o...E.|
[   63.106109] cloud-init[716]: |         .  o.. .|
[   63.110624] cloud-init[716]: |        o    . +o|
[   63.113512] cloud-init[716]: |       + . .  =o*|
[   63.116306] cloud-init[716]: |      . S . ..o==|
[   63.119133] cloud-init[716]: |       o o .. ==O|
[   63.121748] cloud-init[716]: |        . .  oo%O|
[   63.125511] cloud-init[716]: |         .    ==@|
[   63.129555] cloud-init[716]: |              .*+|
[   63.132090] cloud-init[716]: +----[SHA256]-----+
[   63.135240] cloud-init[716]: Generating public/private ed25519 key pair.
[   63.140699] cloud-init[716]: Your identification has been saved in /etc/ssh/ssh_host_ed25519_key.
[   63.157126] cloud-init[716]: Your public key has been saved in /etc/ssh/ssh_host_ed25519_key.pub.
[   63.161584] cloud-init[716]: The key fingerprint is:
[   63.177095] cloud-init[716]: SHA256:rtmVGYHqGkrUBoeOuscj+9rawo6538izRxSZspT9DmQ root@ubuntu-bionic
[   63.182191] cloud-init[716]: The key's randomart image is:
[   63.196486] cloud-init[716]: +--[ED25519 256]--+
[   63.209346] cloud-init[716]: |   o o           |
[   63.212247] cloud-init[716]: |  +.E    .       |
[   63.214857] cloud-init[716]: | .o=.o  . .      |
[   63.217661] cloud-init[716]: | o.+o ..   .     |
[   63.222984] cloud-init[716]: |. o.oo. S .      |
[   63.226931] cloud-init[716]: |.. .....   +     |
[   63.233101] cloud-init[716]: |o.... . . +      |
[   63.235879] cloud-init[716]: |+O=+.o + .       |
[   63.239291] cloud-init[716]: |X%X=o o .        |
[   63.242464] cloud-init[716]: +----[SHA256]-----+
[[0;32m  OK  [0m] Started Initial cloud-init job (metadata service crawler).
[[0;32m  OK  [0m] Reached target System Initialization.
[[0;32m  OK  [0m] Started Discard unused blocks once a week.
[[0;32m  OK  [0m] Started Message of the Day.
[[0;32m  OK  [0m] Started Daily apt download activities.
[[0;32m  OK  [0m] Started Daily apt upgrade and clean activities.
[[0;32m  OK  [0m] Listening on Open-iSCSI iscsid Socket.
[[0;32m  OK  [0m] Started Daily Cleanup of Temporary Directories.
[[0;32m  OK  [0m] Listening on ACPID Listen Socket.
[[0;32m  OK  [0m] Started ACPI Events Check.
[[0;32m  OK  [0m] Reached target Paths.
         Starting LXD - unix socket.
[[0;32m  OK  [0m] Listening on UUID daemon activation socket.
         Starting Socket activation for snappy daemon.
[[0;32m  OK  [0m] Listening on D-Bus System Message Bus Socket.
[[0;32m  OK  [0m] Reached target Timers.
[[0;32m  OK  [0m] Reached target Cloud-config availability.
[[0;32m  OK  [0m] Reached target Network is Online.
[[0;32m  OK  [0m] Reached target Remote File Systems (Pre).
[[0;32m  OK  [0m] Reached target Remote File Systems.
         Starting Availability of block devices...
[[0;32m  OK  [0m] Listening on LXD - unix socket.
[[0;32m  OK  [0m] Listening on Socket activation for snappy daemon.
[[0;32m  OK  [0m] Reached target Sockets.
[[0;32m  OK  [0m] Reached target Basic System.
[[0;32m  OK  [0m] Started D-Bus System Message Bus.
[[0;32m  OK  [0m] Started Deferred execution scheduler.
         Starting System Logging Service...
[[0;32m  OK  [0m] Started FUSE filesystem for LXC.
         Starting Permit User Sessions...
[[0;32m  OK  [0m] Started irqbalance daemon.
         Starting Login Service...
[[0;32m  OK  [0m] Started Regular background program processing daemon.
         Starting LSB: Record successful boot for GRUB...
         Starting Snappy daemon...
         Starting Pollinate to seed the pseudo random number generator...
         Starting Virtualbox guest utils...
         Starting Accounts Service...
         Starting LSB: automatic crash report generation...
         Starting Dispatcher daemon for systemd-networkd...
         Starting LXD - container startup/shutdown...
[[0;32m  OK  [0m] Started Availability of block devices.
[[0;32m  OK  [0m] Started Permit User Sessions.
[[0;32m  OK  [0m] Started Login Service.
[[0;32m  OK  [0m] Started Unattended Upgrades Shutdown.
         Starting Terminate Plymouth Boot Screen...
         Starting Hold until boot process finishes up...
[[0;32m  OK  [0m] Started Hold until boot process finishes up.
[[0;32m  OK  [0m] Started Terminate Plymouth Boot Screen.
         Starting Set console scheme...
[[0;32m  OK  [0m] Started Serial Getty on ttyS0.
[[0;32m  OK  [0m] Started Set console scheme.
[[0;32m  OK  [0m] Created slice system-getty.slice.
[[0;32m  OK  [0m] Started Getty on tty1.
[[0;32m  OK  [0m] Reached target Login Prompts.
[[0;32m  OK  [0m] Started LSB: automatic crash report generation.
[[0;32m  OK  [0m] Started LSB: Record successful boot for GRUB.
[[0;32m  OK  [0m] Started System Logging Service.
         Starting Authorization Manager...
[[0;32m  OK  [0m] Started Authorization Manager.

Ubuntu 18.04.4 LTS ubuntu-bionic ttyS0

ubuntu-bionic login: [  143.557407] cloud-init[1603]: Cloud-init v. 19.4-33-gbb4131a2-0ubuntu1~18.04.1 running 'modules:config' at Tue, 24 Mar 2020 13:52:33 +0000. Up 137.30 seconds.
ci-info: no authorized SSH keys fingerprints found for user ubuntu.
<14>Mar 24 13:52:44 ec2: 
<14>Mar 24 13:52:44 ec2: #############################################################
<14>Mar 24 13:52:44 ec2: -----BEGIN SSH HOST KEY FINGERPRINTS-----
<14>Mar 24 13:52:44 ec2: 1024 SHA256:OloKZL+kwGwFNVCzTSFpJ8CZbPCPeB8uzPDTzdg4w10 root@ubuntu-bionic (DSA)
<14>Mar 24 13:52:44 ec2: 256 SHA256:LH+FMuRRnXT1I+dNuhl/Zlnz2ydHMnayec3aNELdeUE root@ubuntu-bionic (ECDSA)
<14>Mar 24 13:52:44 ec2: 256 SHA256:rtmVGYHqGkrUBoeOuscj+9rawo6538izRxSZspT9DmQ root@ubuntu-bionic (ED25519)
<14>Mar 24 13:52:44 ec2: 2048 SHA256:Va6yyqkT9dKvp6oszCGLFu/+w/+ha/KNWndj5eDseJo root@ubuntu-bionic (RSA)
<14>Mar 24 13:52:44 ec2: -----END SSH HOST KEY FINGERPRINTS-----
<14>Mar 24 13:52:44 ec2: #############################################################
-----BEGIN SSH HOST KEY KEYS-----
ecdsa-sha2-nistp256 AAAAE2VjZHNhLXNoYTItbmlzdHAyNTYAAAAIbmlzdHAyNTYAAABBBLPosluz/pweHkspxSykO9PjJAn8zU/n54JfGBFF2MqFfPShSXgmpx8Un8v8k7J7vHEZkOGkXIrsLqXHHURCrI0= root@ubuntu-bionic
ssh-ed25519 AAAAC3NzaC1lZDI1NTE5AAAAIEtTe87cu3BGYD8W4I93Rk5H86K5ehJzJwYZgKDV476w root@ubuntu-bionic
ssh-rsa AAAAB3NzaC1yc2EAAAADAQABAAABAQCkZ5dSMWXfdO33kDMFYklHrTNQCeW93H+I5efe15PrBAQway3s9MLIgIeZRGtZhEm1hN22ELfiOQJ074c6mQyzZqDe7nPVh2lfs49v1NW8a9XgQxtqi+t5P4ZK0N0cpxcKbZYyEwPGzcHlKZq1vTzjfamRhJTAi1cwLDlZH0qi6tBCn++p/B+nOnednq2lpija0tdq4dYuCcudCre1J658FEmKCpLhVYU1ZOdiNHDAE7IzMcuY6N4HklR+kY+1NmcVslcEKreqabkIbkHV+LPXcvLm+2Kh0wWnQ/Jlvlh6K+4qoxzH4s1DDEgI1LVExYuY7O5tnFm3xQIj+WQCglP1 root@ubuntu-bionic
-----END SSH HOST KEY KEYS-----
[  149.007926] cloud-init[1751]: Cloud-init v. 19.4-33-gbb4131a2-0ubuntu1~18.04.1 running 'modules:final' at Tue, 24 Mar 2020 13:52:42 +0000. Up 146.53 seconds.
[  149.025644] cloud-init[1751]: ci-info: no authorized SSH keys fingerprints found for user ubuntu.
[  149.029954] cloud-init[1751]: Cloud-init v. 19.4-33-gbb4131a2-0ubuntu1~18.04.1 finished at Tue, 24 Mar 2020 13:52:44 +0000. Datasource DataSourceNoCloud [seed=/dev/sdb][dsmode=net].  Up 148.96 seconds
